Not a valid list position.
Could not find element with Id 'katalon.composer.objectrepository.handledmenuitem.spyweb'
Could not find element with Id 'com.kms.katalon.composer.integration.analytics.handledtoolitem.katalonTestOps'
Could not find element with Id 'com.kms.katalon.composer.mobile.dynamicmenucontribution.ios'
Could not find element with Id 'com.kms.katalon.composer.mobile.dynamicmenucontribution.ios'
Warning: NLS unused message: Key in: com.kms.katalon.composer.project.constants.composerProjectMessages
Warning: NLS unused message: Key in: com.kms.katalon.composer.testcase.constants.composerTestcaseMessages
Warning: NLS missing message: BTN_ADDTESTSUITE in: com.kms.katalon.composer.testcase.constants.composerTestcaseMessages
Warning: NLS unused message: Key in: com.kms.katalon.composer.objectrepository.constant.composerObjectRepositoryMessages
WebView Server has been started on port 64106
log4j:WARN No appenders could be found for logger (org.apache.http.client.protocol.RequestAuthCache).
log4j:WARN Please initialize the log4j system properly.
Warning: NLS missing message: PA_URL_SUPPORT_PORTAL in: com.kms.katalon.constants.messages
Warning: NLS missing message: URL_KATALON_SURVEY in: com.kms.katalon.constants.messages
Warning: NLS missing message: OFFLINE_ACTIVATION in: com.kms.katalon.constants.messages
Warning: NLS missing message: ENTERPRISE_TRIAL_LICENSE in: com.kms.katalon.constants.messages
Warning: NLS missing message: ActivationDialogV2_LBL_ENTERPRISE_LICENSE in: com.kms.katalon.constants.messages
Warning: NLS missing message: DIALOG_TITLE_FIRST_TIME_USE_SURVEY in: com.kms.katalon.constants.messages
Warning: NLS missing message: BTN_YES_CONTINUE_USE in: com.kms.katalon.constants.messages
Warning: NLS missing message: BTN_NO_QUIT_USING in: com.kms.katalon.constants.messages
Warning: NLS missing message: BTN_SEND in: com.kms.katalon.constants.messages
Warning: NLS missing message: MSG_QUESTION_WILL_CONTINUE_TO_USE in: com.kms.katalon.constants.messages
Warning: NLS missing message: MSG_QUIT_USING_KATALON_REASON in: com.kms.katalon.constants.messages
Warning: NLS missing message: MSG_QUIT_USING_KATALON_REASON_PLACEHOLDER in: com.kms.katalon.constants.messages
Start checking and mark activated for GUI mode
Start getting machine ID on Windows
Start appending additional signatures
hardwareSerialNumber 
osDependentUsername admin
End appending additional signatures 52bcaeb8-bdc1-46c6-a2a2-b0a2692330ed__admin
End getting machine ID on Windows 6a711c0a5bb8ab99667c9df86b21c419
End checking and mark activated for GUI mode
Start check license task
Warning: NLS unused message: LBL_DEFAULT_LOCATOR_SELECTION_AREA in: com.katalon.plugin.smart_xpath.constant.SmartXpathMessages

Sun Jan 23 08:57:04 ICT 2022
Azure: Enterprise license for this feature is requested

Latest plugins responses: []
Katalon version: 8.2.5
Plugin info URL: https://store.katalon.com/api/products/ks?appVersion=8.2.5&appType=KSE&licenseType=FREE
Warning: NLS unused message: PREF_LBL_ACTIVE_BROWSER_PORT_DO_NOT_SHOW_WARNING_DIALOG in: com.kms.katalon.objectspy.constants.objectspyMessages

Sun Jan 23 08:59:17 ICT 2022
Azure: Enterprise license for this feature is requested


Sun Jan 23 08:59:36 ICT 2022
Azure: Enterprise license for this feature is requested


Sun Jan 23 09:00:18 ICT 2022
Azure: Enterprise license for this feature is requested


Sun Jan 23 09:01:39 ICT 2022
Azure: Enterprise license for this feature is requested


Sun Jan 23 09:02:38 ICT 2022
Azure: Enterprise license for this feature is requested


Sun Jan 23 09:03:31 ICT 2022
Azure: Enterprise license for this feature is requested


Sun Jan 23 09:04:30 ICT 2022
Azure: Enterprise license for this feature is requested

Launcher status after execution process completed: Running
Launcher status after execution process completed: Running
Launcher status after execution process completed: Running
Launcher status after execution process completed: Running
Launcher status after execution process completed: Running
Launcher status after execution process completed: Running
Launcher status after execution process completed: Running
Launcher status after execution process completed: Running

Sun Jan 23 09:26:46 ICT 2022
Azure: Enterprise license for this feature is requested

